# JRE version: OpenJDK Runtime Environment (8.0_302-b08) (build 1.8.0_302-b08)
# Java VM: OpenJDK 64-Bit Server VM (25.302-b08 mixed mode bsd-amd64 compressed oops)
Heap:
 PSYoungGen      total 1324032K, used 1292454K [0x000000076ab00000, 0x00000007c0000000, 0x00000007c0000000)
  eden space 1269760K, 97% used [0x000000076ab00000,0x00000007b645e080,0x00000007b8300000)
  from space 54272K, 99% used [0x00000007b8300000,0x00000007bb7cb938,0x00000007bb800000)
  to   space 69632K, 0% used [0x00000007bbc00000,0x00000007bbc00000,0x00000007c0000000)
 ParOldGen       total 538624K, used 327565K [0x00000006c0000000, 0x00000006e0e00000, 0x000000076ab00000)
  object space 538624K, 60% used [0x00000006c0000000,0x00000006d3fe34f0,0x00000006e0e00000)
 Metaspace       used 97205K, capacity 110416K, committed 110720K, reserved 1142784K
  class space    used 14084K, capacity 17203K, committed 17280K, reserved 1048576K
GC Heap History (10 events):
Event: 44.220 GC heap before
{Heap before GC invocations=73 (full 3):
 PSYoungGen      total 1364480K, used 1364479K [0x000000076ab00000, 0x00000007c0000000, 0x00000007c0000000)
  eden space 1331200K, 100% used [0x000000076ab00000,0x00000007bbf00000,0x00000007bbf00000)
  from space 33280K, 99% used [0x00000007bbf00000,0x00000007bdf7fd00,0x00000007bdf80000)
  to   space 33280K, 0% used [0x00000007bdf80000,0x00000007bdf80000,0x00000007c0000000)
 ParOldGen       total 384512K, used 238462K [0x00000006c0000000, 0x00000006d7780000, 0x000000076ab00000)
  object space 384512K, 62% used [0x00000006c0000000,0x00000006ce8dfa90,0x00000006d7780000)
 Metaspace       used 77435K, capacity 85644K, committed 85760K, reserved 1122304K
  class space    used 11356K, capacity 13554K, committed 13568K, reserved 1048576K
Event: 44.263 GC heap after
Heap after GC invocations=73 (full 3):
 PSYoungGen      total 1329664K, used 33270K [0x000000076ab00000, 0x00000007c0000000, 0x00000007c0000000)
  eden space 1296384K, 0% used [0x000000076ab00000,0x000000076ab00000,0x00000007b9d00000)
  from space 33280K, 99% used [0x00000007bdf80000,0x00000007bfffdaa8,0x00000007c0000000)
  to   space 50688K, 0% used [0x00000007b9d00000,0x00000007b9d00000,0x00000007bce80000)
 ParOldGen       total 384512K, used 264872K [0x00000006c0000000, 0x00000006d7780000, 0x000000076ab00000)
  object space 384512K, 68% used [0x00000006c0000000,0x00000006d02aa380,0x00000006d7780000)
 Metaspace       used 77435K, capacity 85644K, committed 85760K, reserved 1122304K
  class space    used 11356K, capacity 13554K, committed 13568K, reserved 1048576K
}
Event: 64.655 GC heap before
{Heap before GC invocations=74 (full 3):
 PSYoungGen      total 1329664K, used 1142294K [0x000000076ab00000, 0x00000007c0000000, 0x00000007c0000000)
  eden space 1296384K, 85% used [0x000000076ab00000,0x00000007ae607fe0,0x00000007b9d00000)
  from space 33280K, 99% used [0x00000007bdf80000,0x00000007bfffdaa8,0x00000007c0000000)
  to   space 50688K, 0% used [0x00000007b9d00000,0x00000007b9d00000,0x00000007bce80000)
 ParOldGen       total 384512K, used 264872K [0x00000006c0000000, 0x00000006d7780000, 0x000000076ab00000)
  object space 384512K, 68% used [0x00000006c0000000,0x00000006d02aa380,0x00000006d7780000)
 Metaspace       used 84104K, capacity 94608K, committed 94720K, reserved 1128448K
  class space    used 12432K, capacity 15146K, committed 15232K, reserved 1048576K
Event: 64.695 GC heap after
Heap after GC invocations=74 (full 3):
 PSYoungGen      total 1347072K, used 50679K [0x000000076ab00000, 0x00000007c0000000, 0x00000007c0000000)
  eden space 1296384K, 0% used [0x000000076ab00000,0x000000076ab00000,0x00000007b9d00000)
  from space 50688K, 99% used [0x00000007b9d00000,0x00000007bce7dc08,0x00000007bce80000)
  to   space 50688K, 0% used [0x00000007bce80000,0x00000007bce80000,0x00000007c0000000)
 ParOldGen       total 384512K, used 283892K [0x00000006c0000000, 0x00000006d7780000, 0x000000076ab00000)
  object space 384512K, 73% used [0x00000006c0000000,0x00000006d153d3c8,0x00000006d7780000)
 Metaspace       used 84104K, capacity 94608K, committed 94720K, reserved 1128448K
  class space    used 12432K, capacity 15146K, committed 15232K, reserved 1048576K
}
Event: 64.695 GC heap before
{Heap before GC invocations=75 (full 4):
 PSYoungGen      total 1347072K, used 50679K [0x000000076ab00000, 0x00000007c0000000, 0x00000007c0000000)
  eden space 1296384K, 0% used [0x000000076ab00000,0x000000076ab00000,0x00000007b9d00000)
  from space 50688K, 99% used [0x00000007b9d00000,0x00000007bce7dc08,0x00000007bce80000)
  to   space 50688K, 0% used [0x00000007bce80000,0x00000007bce80000,0x00000007c0000000)
 ParOldGen       total 384512K, used 283892K [0x00000006c0000000, 0x00000006d7780000, 0x000000076ab00000)
  object space 384512K, 73% used [0x00000006c0000000,0x00000006d153d3c8,0x00000006d7780000)
 Metaspace       used 84104K, capacity 94608K, committed 94720K, reserved 1128448K
  class space    used 12432K, capacity 15146K, committed 15232K, reserved 1048576K
Event: 65.402 GC heap after
Heap after GC invocations=75 (full 4):
 PSYoungGen      total 1347072K, used 0K [0x000000076ab00000, 0x00000007c0000000, 0x00000007c0000000)
  eden space 1296384K, 0% used [0x000000076ab00000,0x000000076ab00000,0x00000007b9d00000)
  from space 50688K, 0% used [0x00000007b9d00000,0x00000007b9d00000,0x00000007bce80000)
  to   space 50688K, 0% used [0x00000007bce80000,0x00000007bce80000,0x00000007c0000000)
 ParOldGen       total 538624K, used 327549K [0x00000006c0000000, 0x00000006e0e00000, 0x000000076ab00000)
  object space 538624K, 60% used [0x00000006c0000000,0x00000006d3fdf4f0,0x00000006e0e00000)
 Metaspace       used 84067K, capacity 94508K, committed 94720K, reserved 1128448K
  class space    used 12420K, capacity 15126K, committed 15232K, reserved 1048576K
}
Event: 68.284 GC heap before
{Heap before GC invocations=76 (full 4):
 PSYoungGen      total 1347072K, used 1296384K [0x000000076ab00000, 0x00000007c0000000, 0x00000007c0000000)
  eden space 1296384K, 100% used [0x000000076ab00000,0x00000007b9d00000,0x00000007b9d00000)
  from space 50688K, 0% used [0x00000007b9d00000,0x00000007b9d00000,0x00000007bce80000)
  to   space 50688K, 0% used [0x00000007bce80000,0x00000007bce80000,0x00000007c0000000)
 ParOldGen       total 538624K, used 327549K [0x00000006c0000000, 0x00000006e0e00000, 0x000000076ab00000)
  object space 538624K, 60% used [0x00000006c0000000,0x00000006d3fdf4f0,0x00000006e0e00000)
 Metaspace       used 85129K, capacity 96016K, committed 96256K, reserved 1130496K
  class space    used 12594K, capacity 15334K, committed 15360K, reserved 1048576K
Event: 68.295 GC heap after
Heap after GC invocations=76 (full 4):
 PSYoungGen      total 1320448K, used 13141K [0x000000076ab00000, 0x00000007c0000000, 0x00000007c0000000)
  eden space 1269760K, 0% used [0x000000076ab00000,0x000000076ab00000,0x00000007b8300000)
  from space 50688K, 25% used [0x00000007bce80000,0x00000007bdb55598,0x00000007c0000000)
  to   space 64000K, 0% used [0x00000007b8300000,0x00000007b8300000,0x00000007bc180000)
 ParOldGen       total 538624K, used 327557K [0x00000006c0000000, 0x00000006e0e00000, 0x000000076ab00000)
  object space 538624K, 60% used [0x00000006c0000000,0x00000006d3fe14f0,0x00000006e0e00000)
 Metaspace       used 85129K, capacity 96016K, committed 96256K, reserved 1130496K
  class space    used 12594K, capacity 15334K, committed 15360K, reserved 1048576K
}
Event: 73.431 GC heap before
{Heap before GC invocations=77 (full 4):
 PSYoungGen      total 1320448K, used 1282901K [0x000000076ab00000, 0x00000007c0000000, 0x00000007c0000000)
  eden space 1269760K, 100% used [0x000000076ab00000,0x00000007b8300000,0x00000007b8300000)
  from space 50688K, 25% used [0x00000007bce80000,0x00000007bdb55598,0x00000007c0000000)
  to   space 64000K, 0% used [0x00000007b8300000,0x00000007b8300000,0x00000007bc180000)
 ParOldGen       total 538624K, used 327557K [0x00000006c0000000, 0x00000006e0e00000, 0x000000076ab00000)
  object space 538624K, 60% used [0x00000006c0000000,0x00000006d3fe14f0,0x00000006e0e00000)
 Metaspace       used 94339K, capacity 106898K, committed 107136K, reserved 1138688K
  class space    used 13874K, capacity 16908K, committed 17024K, reserved 1048576K
Event: 73.455 GC heap after
Heap after GC invocations=77 (full 4):
 PSYoungGen      total 1324032K, used 54062K [0x000000076ab00000, 0x00000007c0000000, 0x00000007c0000000)
  eden space 1269760K, 0% used [0x000000076ab00000,0x000000076ab00000,0x00000007b8300000)
  from space 54272K, 99% used [0x00000007b8300000,0x00000007bb7cb938,0x00000007bb800000)
  to   space 69632K, 0% used [0x00000007bbc00000,0x00000007bbc00000,0x00000007c0000000)
 ParOldGen       total 538624K, used 327565K [0x00000006c0000000, 0x00000006e0e00000, 0x000000076ab00000)
  object space 538624K, 60% used [0x00000006c0000000,0x00000006d3fe34f0,0x00000006e0e00000)
 Metaspace       used 94339K, capacity 106898K, committed 107136K, reserved 1138688K
  class space    used 13874K, capacity 16908K, committed 17024K, reserved 1048576K
}

