# JRE version: OpenJDK Runtime Environment (8.0_302-b08) (build 1.8.0_302-b08)
# Java VM: OpenJDK 64-Bit Server VM (25.302-b08 mixed mode bsd-amd64 compressed oops)
Heap:
 PSYoungGen      total 141824K, used 71924K [0x000000076ab00000, 0x0000000779980000, 0x00000007c0000000)
  eden space 131072K, 46% used [0x000000076ab00000,0x000000076e6be460,0x0000000772b00000)
  from space 10752K, 99% used [0x0000000772b00000,0x000000077357ed20,0x0000000773580000)
  to   space 10752K, 0% used [0x0000000778f00000,0x0000000778f00000,0x0000000779980000)
 ParOldGen       total 100864K, used 47420K [0x00000006c0000000, 0x00000006c6280000, 0x000000076ab00000)
  object space 100864K, 47% used [0x00000006c0000000,0x00000006c2e4f178,0x00000006c6280000)
 Metaspace       used 27729K, capacity 29111K, committed 29440K, reserved 1075200K
  class space    used 3332K, capacity 3744K, committed 3840K, reserved 1048576K
GC Heap History (8 events):
Event: 2.005 GC heap before
{Heap before GC invocations=1 (full 0):
 PSYoungGen      total 76288K, used 65536K [0x000000076ab00000, 0x0000000770000000, 0x00000007c0000000)
  eden space 65536K, 100% used [0x000000076ab00000,0x000000076eb00000,0x000000076eb00000)
  from space 10752K, 0% used [0x000000076f580000,0x000000076f580000,0x0000000770000000)
  to   space 10752K, 0% used [0x000000076eb00000,0x000000076eb00000,0x000000076f580000)
 ParOldGen       total 175104K, used 0K [0x00000006c0000000, 0x00000006cab00000, 0x000000076ab00000)
  object space 175104K, 0% used [0x00000006c0000000,0x00000006c0000000,0x00000006cab00000)
 Metaspace       used 15464K, capacity 15790K, committed 16128K, reserved 1062912K
  class space    used 1830K, capacity 1929K, committed 2048K, reserved 1048576K
Event: 2.036 GC heap after
Heap after GC invocations=1 (full 0):
 PSYoungGen      total 76288K, used 9564K [0x000000076ab00000, 0x0000000774000000, 0x00000007c0000000)
  eden space 65536K, 0% used [0x000000076ab00000,0x000000076ab00000,0x000000076eb00000)
  from space 10752K, 88% used [0x000000076eb00000,0x000000076f457368,0x000000076f580000)
  to   space 10752K, 0% used [0x0000000773580000,0x0000000773580000,0x0000000774000000)
 ParOldGen       total 175104K, used 0K [0x00000006c0000000, 0x00000006cab00000, 0x000000076ab00000)
  object space 175104K, 0% used [0x00000006c0000000,0x00000006c0000000,0x00000006cab00000)
 Metaspace       used 15464K, capacity 15790K, committed 16128K, reserved 1062912K
  class space    used 1830K, capacity 1929K, committed 2048K, reserved 1048576K
}
Event: 3.426 GC heap before
{Heap before GC invocations=2 (full 0):
 PSYoungGen      total 76288K, used 57638K [0x000000076ab00000, 0x0000000774000000, 0x00000007c0000000)
  eden space 65536K, 73% used [0x000000076ab00000,0x000000076d9f26f0,0x000000076eb00000)
  from space 10752K, 88% used [0x000000076eb00000,0x000000076f457368,0x000000076f580000)
  to   space 10752K, 0% used [0x0000000773580000,0x0000000773580000,0x0000000774000000)
 ParOldGen       total 175104K, used 0K [0x00000006c0000000, 0x00000006cab00000, 0x000000076ab00000)
  object space 175104K, 0% used [0x00000006c0000000,0x00000006c0000000,0x00000006cab00000)
 Metaspace       used 20399K, capacity 21123K, committed 21296K, reserved 1069056K
  class space    used 2391K, capacity 2612K, committed 2688K, reserved 1048576K
Event: 3.466 GC heap after
Heap after GC invocations=2 (full 0):
 PSYoungGen      total 141824K, used 10729K [0x000000076ab00000, 0x0000000774000000, 0x00000007c0000000)
  eden space 131072K, 0% used [0x000000076ab00000,0x000000076ab00000,0x0000000772b00000)
  from space 10752K, 99% used [0x0000000773580000,0x0000000773ffa748,0x0000000774000000)
  to   space 10752K, 0% used [0x0000000772b00000,0x0000000772b00000,0x0000000773580000)
 ParOldGen       total 175104K, used 464K [0x00000006c0000000, 0x00000006cab00000, 0x000000076ab00000)
  object space 175104K, 0% used [0x00000006c0000000,0x00000006c0074000,0x00000006cab00000)
 Metaspace       used 20399K, capacity 21123K, committed 21296K, reserved 1069056K
  class space    used 2391K, capacity 2612K, committed 2688K, reserved 1048576K
}
Event: 3.468 GC heap before
{Heap before GC invocations=3 (full 1):
 PSYoungGen      total 141824K, used 10729K [0x000000076ab00000, 0x0000000774000000, 0x00000007c0000000)
  eden space 131072K, 0% used [0x000000076ab00000,0x000000076ab00000,0x0000000772b00000)
  from space 10752K, 99% used [0x0000000773580000,0x0000000773ffa748,0x0000000774000000)
  to   space 10752K, 0% used [0x0000000772b00000,0x0000000772b00000,0x0000000773580000)
 ParOldGen       total 175104K, used 464K [0x00000006c0000000, 0x00000006cab00000, 0x000000076ab00000)
  object space 175104K, 0% used [0x00000006c0000000,0x00000006c0074000,0x00000006cab00000)
 Metaspace       used 20399K, capacity 21123K, committed 21296K, reserved 1069056K
  class space    used 2391K, capacity 2612K, committed 2688K, reserved 1048576K
Event: 3.509 GC heap after
Heap after GC invocations=3 (full 1):
 PSYoungGen      total 141824K, used 0K [0x000000076ab00000, 0x0000000774000000, 0x00000007c0000000)
  eden space 131072K, 0% used [0x000000076ab00000,0x000000076ab00000,0x0000000772b00000)
  from space 10752K, 0% used [0x0000000773580000,0x0000000773580000,0x0000000774000000)
  to   space 10752K, 0% used [0x0000000772b00000,0x0000000772b00000,0x0000000773580000)
 ParOldGen       total 100864K, used 10905K [0x00000006c0000000, 0x00000006c6280000, 0x000000076ab00000)
  object space 100864K, 10% used [0x00000006c0000000,0x00000006c0aa65f0,0x00000006c6280000)
 Metaspace       used 20399K, capacity 21123K, committed 21296K, reserved 1069056K
  class space    used 2391K, capacity 2612K, committed 2688K, reserved 1048576K
}
Event: 4.520 GC heap before
{Heap before GC invocations=4 (full 1):
 PSYoungGen      total 141824K, used 131072K [0x000000076ab00000, 0x0000000774000000, 0x00000007c0000000)
  eden space 131072K, 100% used [0x000000076ab00000,0x0000000772b00000,0x0000000772b00000)
  from space 10752K, 0% used [0x0000000773580000,0x0000000773580000,0x0000000774000000)
  to   space 10752K, 0% used [0x0000000772b00000,0x0000000772b00000,0x0000000773580000)
 ParOldGen       total 100864K, used 10905K [0x00000006c0000000, 0x00000006c6280000, 0x000000076ab00000)
  object space 100864K, 10% used [0x00000006c0000000,0x00000006c0aa65f0,0x00000006c6280000)
 Metaspace       used 23055K, capacity 24041K, committed 24192K, reserved 1071104K
  class space    used 2676K, capacity 2933K, committed 2944K, reserved 1048576K
Event: 4.562 GC heap after
Heap after GC invocations=4 (full 1):
 PSYoungGen      total 141824K, used 10747K [0x000000076ab00000, 0x0000000779980000, 0x00000007c0000000)
  eden space 131072K, 0% used [0x000000076ab00000,0x000000076ab00000,0x0000000772b00000)
  from space 10752K, 99% used [0x0000000772b00000,0x000000077357ed20,0x0000000773580000)
  to   space 10752K, 0% used [0x0000000778f00000,0x0000000778f00000,0x0000000779980000)
 ParOldGen       total 100864K, used 47420K [0x00000006c0000000, 0x00000006c6280000, 0x000000076ab00000)
  object space 100864K, 47% used [0x00000006c0000000,0x00000006c2e4f178,0x00000006c6280000)
 Metaspace       used 23055K, capacity 24041K, committed 24192K, reserved 1071104K
  class space    used 2676K, capacity 2933K, committed 2944K, reserved 1048576K
}

