# JRE version: OpenJDK Runtime Environment (8.0_302-b08) (build 1.8.0_302-b08)
# Java VM: OpenJDK 64-Bit Server VM (25.302-b08 mixed mode bsd-amd64 compressed oops)
Heap:
 PSYoungGen      total 1317888K, used 379589K [0x000000076ab00000, 0x00000007c0000000, 0x00000007c0000000)
  eden space 1250304K, 25% used [0x000000076ab00000,0x000000077e786590,0x00000007b7000000)
  from space 67584K, 82% used [0x00000007bbe00000,0x00000007bf42ae88,0x00000007c0000000)
  to   space 73728K, 0% used [0x00000007b7000000,0x00000007b7000000,0x00000007bb800000)
 ParOldGen       total 559104K, used 325089K [0x00000006c0000000, 0x00000006e2200000, 0x000000076ab00000)
  object space 559104K, 58% used [0x00000006c0000000,0x00000006d3d784e8,0x00000006e2200000)
 Metaspace       used 97149K, capacity 110408K, committed 110720K, reserved 1142784K
  class space    used 14084K, capacity 17199K, committed 17280K, reserved 1048576K
GC Heap History (10 events):
Event: 65.258 GC heap before
{Heap before GC invocations=74 (full 3):
 PSYoungGen      total 1303552K, used 531817K [0x000000076ab00000, 0x00000007c0000000, 0x00000007c0000000)
  eden space 1270784K, 39% used [0x000000076ab00000,0x000000078925a950,0x00000007b8400000)
  from space 32768K, 99% used [0x00000007be000000,0x00000007bffffc28,0x00000007c0000000)
  to   space 63488K, 0% used [0x00000007b8400000,0x00000007b8400000,0x00000007bc200000)
 ParOldGen       total 390656K, used 292680K [0x00000006c0000000, 0x00000006d7d80000, 0x000000076ab00000)
  object space 390656K, 74% used [0x00000006c0000000,0x00000006d1dd2028,0x00000006d7d80000)
 Metaspace       used 83900K, capacity 94210K, committed 94296K, reserved 1128448K
  class space    used 12407K, capacity 15055K, committed 15104K, reserved 1048576K
Event: 65.285 GC heap after
Heap after GC invocations=74 (full 3):
 PSYoungGen      total 1334272K, used 34573K [0x000000076ab00000, 0x00000007c0000000, 0x00000007c0000000)
  eden space 1270784K, 0% used [0x000000076ab00000,0x000000076ab00000,0x00000007b8400000)
  from space 63488K, 54% used [0x00000007b8400000,0x00000007ba5c36c0,0x00000007bc200000)
  to   space 62976K, 0% used [0x00000007bc280000,0x00000007bc280000,0x00000007c0000000)
 ParOldGen       total 390656K, used 301587K [0x00000006c0000000, 0x00000006d7d80000, 0x000000076ab00000)
  object space 390656K, 77% used [0x00000006c0000000,0x00000006d2684da0,0x00000006d7d80000)
 Metaspace       used 83900K, capacity 94210K, committed 94296K, reserved 1128448K
  class space    used 12407K, capacity 15055K, committed 15104K, reserved 1048576K
}
Event: 65.285 GC heap before
{Heap before GC invocations=75 (full 4):
 PSYoungGen      total 1334272K, used 34573K [0x000000076ab00000, 0x00000007c0000000, 0x00000007c0000000)
  eden space 1270784K, 0% used [0x000000076ab00000,0x000000076ab00000,0x00000007b8400000)
  from space 63488K, 54% used [0x00000007b8400000,0x00000007ba5c36c0,0x00000007bc200000)
  to   space 62976K, 0% used [0x00000007bc280000,0x00000007bc280000,0x00000007c0000000)
 ParOldGen       total 390656K, used 301587K [0x00000006c0000000, 0x00000006d7d80000, 0x000000076ab00000)
  object space 390656K, 77% used [0x00000006c0000000,0x00000006d2684da0,0x00000006d7d80000)
 Metaspace       used 83900K, capacity 94210K, committed 94296K, reserved 1128448K
  class space    used 12407K, capacity 15055K, committed 15104K, reserved 1048576K
Event: 65.938 GC heap after
Heap after GC invocations=75 (full 4):
 PSYoungGen      total 1334272K, used 0K [0x000000076ab00000, 0x00000007c0000000, 0x00000007c0000000)
  eden space 1270784K, 0% used [0x000000076ab00000,0x000000076ab00000,0x00000007b8400000)
  from space 63488K, 0% used [0x00000007b8400000,0x00000007b8400000,0x00000007bc200000)
  to   space 62976K, 0% used [0x00000007bc280000,0x00000007bc280000,0x00000007c0000000)
 ParOldGen       total 559104K, used 325059K [0x00000006c0000000, 0x00000006e2200000, 0x000000076ab00000)
  object space 559104K, 58% used [0x00000006c0000000,0x00000006d3d70fb8,0x00000006e2200000)
 Metaspace       used 83868K, capacity 94134K, committed 94296K, reserved 1128448K
  class space    used 12396K, capacity 15037K, committed 15104K, reserved 1048576K
}
Event: 70.552 GC heap before
{Heap before GC invocations=76 (full 4):
 PSYoungGen      total 1334272K, used 1270784K [0x000000076ab00000, 0x00000007c0000000, 0x00000007c0000000)
  eden space 1270784K, 100% used [0x000000076ab00000,0x00000007b8400000,0x00000007b8400000)
  from space 63488K, 0% used [0x00000007b8400000,0x00000007b8400000,0x00000007bc200000)
  to   space 62976K, 0% used [0x00000007bc280000,0x00000007bc280000,0x00000007c0000000)
 ParOldGen       total 559104K, used 325059K [0x00000006c0000000, 0x00000006e2200000, 0x000000076ab00000)
  object space 559104K, 58% used [0x00000006c0000000,0x00000006d3d70fb8,0x00000006e2200000)
 Metaspace       used 84951K, capacity 95856K, committed 96000K, reserved 1130496K
  class space    used 12573K, capacity 15324K, committed 15360K, reserved 1048576K
Event: 70.563 GC heap after
Heap after GC invocations=76 (full 4):
 PSYoungGen      total 1330688K, used 13805K [0x000000076ab00000, 0x00000007bfc80000, 0x00000007c0000000)
  eden space 1271296K, 0% used [0x000000076ab00000,0x000000076ab00000,0x00000007b8480000)
  from space 59392K, 23% used [0x00000007bc280000,0x00000007bcffb420,0x00000007bfc80000)
  to   space 61440K, 0% used [0x00000007b8480000,0x00000007b8480000,0x00000007bc080000)
 ParOldGen       total 559104K, used 325067K [0x00000006c0000000, 0x00000006e2200000, 0x000000076ab00000)
  object space 559104K, 58% used [0x00000006c0000000,0x00000006d3d72fb8,0x00000006e2200000)
 Metaspace       used 84951K, capacity 95856K, committed 96000K, reserved 1130496K
  class space    used 12573K, capacity 15324K, committed 15360K, reserved 1048576K
}
Event: 75.232 GC heap before
{Heap before GC invocations=77 (full 4):
 PSYoungGen      total 1330688K, used 1285101K [0x000000076ab00000, 0x00000007bfc80000, 0x00000007c0000000)
  eden space 1271296K, 100% used [0x000000076ab00000,0x00000007b8480000,0x00000007b8480000)
  from space 59392K, 23% used [0x00000007bc280000,0x00000007bcffb420,0x00000007bfc80000)
  to   space 61440K, 0% used [0x00000007b8480000,0x00000007b8480000,0x00000007bc080000)
 ParOldGen       total 559104K, used 325067K [0x00000006c0000000, 0x00000006e2200000, 0x000000076ab00000)
  object space 559104K, 58% used [0x00000006c0000000,0x00000006d3d72fb8,0x00000006e2200000)
 Metaspace       used 94238K, capacity 106668K, committed 106752K, reserved 1138688K
  class space    used 13857K, capacity 16883K, committed 16896K, reserved 1048576K
Event: 75.254 GC heap after
Heap after GC invocations=77 (full 4):
 PSYoungGen      total 1323008K, used 51481K [0x000000076ab00000, 0x00000007c0000000, 0x00000007c0000000)
  eden space 1271296K, 0% used [0x000000076ab00000,0x000000076ab00000,0x00000007b8480000)
  from space 51712K, 99% used [0x00000007b8480000,0x00000007bb6c66b0,0x00000007bb700000)
  to   space 67584K, 0% used [0x00000007bbe00000,0x00000007bbe00000,0x00000007c0000000)
 ParOldGen       total 559104K, used 325075K [0x00000006c0000000, 0x00000006e2200000, 0x000000076ab00000)
  object space 559104K, 58% used [0x00000006c0000000,0x00000006d3d74fb8,0x00000006e2200000)
 Metaspace       used 94238K, capacity 106668K, committed 106752K, reserved 1138688K
  class space    used 13857K, capacity 16883K, committed 16896K, reserved 1048576K
}
Event: 105.243 GC heap before
{Heap before GC invocations=78 (full 4):
 PSYoungGen      total 1323008K, used 1322777K [0x000000076ab00000, 0x00000007c0000000, 0x00000007c0000000)
  eden space 1271296K, 100% used [0x000000076ab00000,0x00000007b8480000,0x00000007b8480000)
  from space 51712K, 99% used [0x00000007b8480000,0x00000007bb6c66b0,0x00000007bb700000)
  to   space 67584K, 0% used [0x00000007bbe00000,0x00000007bbe00000,0x00000007c0000000)
 ParOldGen       total 559104K, used 325075K [0x00000006c0000000, 0x00000006e2200000, 0x000000076ab00000)
  object space 559104K, 58% used [0x00000006c0000000,0x00000006d3d74fb8,0x00000006e2200000)
 Metaspace       used 97054K, capacity 110240K, committed 110464K, reserved 1142784K
  class space    used 14079K, capacity 17193K, committed 17280K, reserved 1048576K
Event: 105.293 GC heap after
Heap after GC invocations=78 (full 4):
 PSYoungGen      total 1317888K, used 55467K [0x000000076ab00000, 0x00000007c0000000, 0x00000007c0000000)
  eden space 1250304K, 0% used [0x000000076ab00000,0x000000076ab00000,0x00000007b7000000)
  from space 67584K, 82% used [0x00000007bbe00000,0x00000007bf42ae88,0x00000007c0000000)
  to   space 73728K, 0% used [0x00000007b7000000,0x00000007b7000000,0x00000007bb800000)
 ParOldGen       total 559104K, used 325089K [0x00000006c0000000, 0x00000006e2200000, 0x000000076ab00000)
  object space 559104K, 58% used [0x00000006c0000000,0x00000006d3d784e8,0x00000006e2200000)
 Metaspace       used 97054K, capacity 110240K, committed 110464K, reserved 1142784K
  class space    used 14079K, capacity 17193K, committed 17280K, reserved 1048576K
}

