# JRE version: OpenJDK Runtime Environment (8.0_302-b08) (build 1.8.0_302-b08)
# Java VM: OpenJDK 64-Bit Server VM (25.302-b08 mixed mode bsd-amd64 compressed oops)
Heap:
 PSYoungGen      total 1329152K, used 424540K [0x000000076ab00000, 0x00000007c0000000, 0x00000007c0000000)
  eden space 1273856K, 29% used [0x000000076ab00000,0x000000078177c700,0x00000007b8700000)
  from space 55296K, 92% used [0x00000007bca00000,0x00000007bfc1ac60,0x00000007c0000000)
  to   space 61952K, 0% used [0x00000007b8700000,0x00000007b8700000,0x00000007bc380000)
 ParOldGen       total 558592K, used 325261K [0x00000006c0000000, 0x00000006e2180000, 0x000000076ab00000)
  object space 558592K, 58% used [0x00000006c0000000,0x00000006d3da3710,0x00000006e2180000)
 Metaspace       used 96488K, capacity 109696K, committed 109912K, reserved 1142784K
  class space    used 14065K, capacity 17193K, committed 17280K, reserved 1048576K
GC Heap History (10 events):
Event: 50.776 GC heap before
{Heap before GC invocations=72 (full 3):
 PSYoungGen      total 1361408K, used 1349808K [0x000000076ab00000, 0x00000007c0000000, 0x00000007c0000000)
  eden space 1325056K, 100% used [0x000000076ab00000,0x00000007bb900000,0x00000007bb900000)
  from space 36352K, 68% used [0x00000007bdc80000,0x00000007bf4ac190,0x00000007c0000000)
  to   space 36352K, 0% used [0x00000007bb900000,0x00000007bb900000,0x00000007bdc80000)
 ParOldGen       total 368128K, used 254198K [0x00000006c0000000, 0x00000006d6780000, 0x000000076ab00000)
  object space 368128K, 69% used [0x00000006c0000000,0x00000006cf83d8f8,0x00000006d6780000)
 Metaspace       used 82695K, capacity 92814K, committed 93016K, reserved 1128448K
  class space    used 12249K, capacity 14881K, committed 14976K, reserved 1048576K
Event: 50.824 GC heap after
Heap after GC invocations=72 (full 3):
 PSYoungGen      total 1361408K, used 36340K [0x000000076ab00000, 0x00000007c0000000, 0x00000007c0000000)
  eden space 1325056K, 0% used [0x000000076ab00000,0x000000076ab00000,0x00000007bb900000)
  from space 36352K, 99% used [0x00000007bb900000,0x00000007bdc7d160,0x00000007bdc80000)
  to   space 36352K, 0% used [0x00000007bdc80000,0x00000007bdc80000,0x00000007c0000000)
 ParOldGen       total 368128K, used 294535K [0x00000006c0000000, 0x00000006d6780000, 0x000000076ab00000)
  object space 368128K, 80% used [0x00000006c0000000,0x00000006d1fa1d90,0x00000006d6780000)
 Metaspace       used 82695K, capacity 92814K, committed 93016K, reserved 1128448K
  class space    used 12249K, capacity 14881K, committed 14976K, reserved 1048576K
}
Event: 51.507 GC heap before
{Heap before GC invocations=73 (full 3):
 PSYoungGen      total 1361408K, used 289618K [0x000000076ab00000, 0x00000007c0000000, 0x00000007c0000000)
  eden space 1325056K, 19% used [0x000000076ab00000,0x000000077a2578c0,0x00000007bb900000)
  from space 36352K, 99% used [0x00000007bb900000,0x00000007bdc7d160,0x00000007bdc80000)
  to   space 36352K, 0% used [0x00000007bdc80000,0x00000007bdc80000,0x00000007c0000000)
 ParOldGen       total 368128K, used 294535K [0x00000006c0000000, 0x00000006d6780000, 0x000000076ab00000)
  object space 368128K, 80% used [0x00000006c0000000,0x00000006d1fa1d90,0x00000006d6780000)
 Metaspace       used 83756K, capacity 94114K, committed 94168K, reserved 1128448K
  class space    used 12401K, capacity 15061K, committed 15104K, reserved 1048576K
Event: 51.528 GC heap after
Heap after GC invocations=73 (full 3):
 PSYoungGen      total 1322496K, used 35304K [0x000000076ab00000, 0x00000007c0000000, 0x00000007c0000000)
  eden space 1286144K, 0% used [0x000000076ab00000,0x000000076ab00000,0x00000007b9300000)
  from space 36352K, 97% used [0x00000007bdc80000,0x00000007bfefa3d0,0x00000007c0000000)
  to   space 55808K, 0% used [0x00000007b9300000,0x00000007b9300000,0x00000007bc980000)
 ParOldGen       total 368128K, used 296319K [0x00000006c0000000, 0x00000006d6780000, 0x000000076ab00000)
  object space 368128K, 80% used [0x00000006c0000000,0x00000006d215fe30,0x00000006d6780000)
 Metaspace       used 83756K, capacity 94114K, committed 94168K, reserved 1128448K
  class space    used 12401K, capacity 15061K, committed 15104K, reserved 1048576K
}
Event: 51.528 GC heap before
{Heap before GC invocations=74 (full 4):
 PSYoungGen      total 1322496K, used 35304K [0x000000076ab00000, 0x00000007c0000000, 0x00000007c0000000)
  eden space 1286144K, 0% used [0x000000076ab00000,0x000000076ab00000,0x00000007b9300000)
  from space 36352K, 97% used [0x00000007bdc80000,0x00000007bfefa3d0,0x00000007c0000000)
  to   space 55808K, 0% used [0x00000007b9300000,0x00000007b9300000,0x00000007bc980000)
 ParOldGen       total 368128K, used 296319K [0x00000006c0000000, 0x00000006d6780000, 0x000000076ab00000)
  object space 368128K, 80% used [0x00000006c0000000,0x00000006d215fe30,0x00000006d6780000)
 Metaspace       used 83756K, capacity 94114K, committed 94168K, reserved 1128448K
  class space    used 12401K, capacity 15061K, committed 15104K, reserved 1048576K
Event: 52.137 GC heap after
Heap after GC invocations=74 (full 4):
 PSYoungGen      total 1322496K, used 0K [0x000000076ab00000, 0x00000007c0000000, 0x00000007c0000000)
  eden space 1286144K, 0% used [0x000000076ab00000,0x000000076ab00000,0x00000007b9300000)
  from space 36352K, 0% used [0x00000007bdc80000,0x00000007bdc80000,0x00000007c0000000)
  to   space 55808K, 0% used [0x00000007b9300000,0x00000007b9300000,0x00000007bc980000)
 ParOldGen       total 558592K, used 325245K [0x00000006c0000000, 0x00000006e2180000, 0x000000076ab00000)
  object space 558592K, 58% used [0x00000006c0000000,0x00000006d3d9f710,0x00000006e2180000)
 Metaspace       used 83724K, capacity 94046K, committed 94168K, reserved 1128448K
  class space    used 12389K, capacity 15041K, committed 15104K, reserved 1048576K
}
Event: 55.383 GC heap before
{Heap before GC invocations=75 (full 4):
 PSYoungGen      total 1322496K, used 1286144K [0x000000076ab00000, 0x00000007c0000000, 0x00000007c0000000)
  eden space 1286144K, 100% used [0x000000076ab00000,0x00000007b9300000,0x00000007b9300000)
  from space 36352K, 0% used [0x00000007bdc80000,0x00000007bdc80000,0x00000007c0000000)
  to   space 55808K, 0% used [0x00000007b9300000,0x00000007b9300000,0x00000007bc980000)
 ParOldGen       total 558592K, used 325245K [0x00000006c0000000, 0x00000006e2180000, 0x000000076ab00000)
  object space 558592K, 58% used [0x00000006c0000000,0x00000006d3d9f710,0x00000006e2180000)
 Metaspace       used 85098K, capacity 96040K, committed 96216K, reserved 1130496K
  class space    used 12601K, capacity 15332K, committed 15360K, reserved 1048576K
Event: 55.393 GC heap after
Heap after GC invocations=75 (full 4):
 PSYoungGen      total 1341952K, used 14178K [0x000000076ab00000, 0x00000007c0000000, 0x00000007c0000000)
  eden space 1286144K, 0% used [0x000000076ab00000,0x000000076ab00000,0x00000007b9300000)
  from space 55808K, 25% used [0x00000007b9300000,0x00000007ba0d89a0,0x00000007bc980000)
  to   space 55296K, 0% used [0x00000007bca00000,0x00000007bca00000,0x00000007c0000000)
 ParOldGen       total 558592K, used 325253K [0x00000006c0000000, 0x00000006e2180000, 0x000000076ab00000)
  object space 558592K, 58% used [0x00000006c0000000,0x00000006d3da1710,0x00000006e2180000)
 Metaspace       used 85098K, capacity 96040K, committed 96216K, reserved 1130496K
  class space    used 12601K, capacity 15332K, committed 15360K, reserved 1048576K
}
Event: 60.586 GC heap before
{Heap before GC invocations=76 (full 4):
 PSYoungGen      total 1341952K, used 1300322K [0x000000076ab00000, 0x00000007c0000000, 0x00000007c0000000)
  eden space 1286144K, 100% used [0x000000076ab00000,0x00000007b9300000,0x00000007b9300000)
  from space 55808K, 25% used [0x00000007b9300000,0x00000007ba0d89a0,0x00000007bc980000)
  to   space 55296K, 0% used [0x00000007bca00000,0x00000007bca00000,0x00000007c0000000)
 ParOldGen       total 558592K, used 325253K [0x00000006c0000000, 0x00000006e2180000, 0x000000076ab00000)
  object space 558592K, 58% used [0x00000006c0000000,0x00000006d3da1710,0x00000006e2180000)
 Metaspace       used 94037K, capacity 106406K, committed 106456K, reserved 1138688K
  class space    used 13846K, capacity 16872K, committed 16896K, reserved 1048576K
Event: 60.612 GC heap after
Heap after GC invocations=76 (full 4):
 PSYoungGen      total 1329152K, used 51307K [0x000000076ab00000, 0x00000007c0000000, 0x00000007c0000000)
  eden space 1273856K, 0% used [0x000000076ab00000,0x000000076ab00000,0x00000007b8700000)
  from space 55296K, 92% used [0x00000007bca00000,0x00000007bfc1ac60,0x00000007c0000000)
  to   space 61952K, 0% used [0x00000007b8700000,0x00000007b8700000,0x00000007bc380000)
 ParOldGen       total 558592K, used 325261K [0x00000006c0000000, 0x00000006e2180000, 0x000000076ab00000)
  object space 558592K, 58% used [0x00000006c0000000,0x00000006d3da3710,0x00000006e2180000)
 Metaspace       used 94037K, capacity 106406K, committed 106456K, reserved 1138688K
  class space    used 13846K, capacity 16872K, committed 16896K, reserved 1048576K
}

