# JRE version: OpenJDK Runtime Environment (8.0_302-b08) (build 1.8.0_302-b08)
# Java VM: OpenJDK 64-Bit Server VM (25.302-b08 mixed mode bsd-amd64 compressed oops)
Heap:
 PSYoungGen      total 1317376K, used 783214K [0x000000076ab00000, 0x00000007c0000000, 0x00000007c0000000)
  eden space 1246208K, 58% used [0x000000076ab00000,0x0000000797322580,0x00000007b6c00000)
  from space 71168K, 75% used [0x00000007bba80000,0x00000007bef39358,0x00000007c0000000)
  to   space 75776K, 0% used [0x00000007b6c00000,0x00000007b6c00000,0x00000007bb600000)
 ParOldGen       total 542208K, used 324216K [0x00000006c0000000, 0x00000006e1180000, 0x000000076ab00000)
  object space 542208K, 59% used [0x00000006c0000000,0x00000006d3c9e2a0,0x00000006e1180000)
 Metaspace       used 97254K, capacity 110448K, committed 110720K, reserved 1142784K
  class space    used 14074K, capacity 17189K, committed 17280K, reserved 1048576K
GC Heap History (10 events):
Event: 53.175 GC heap before
{Heap before GC invocations=76 (full 4):
 PSYoungGen      total 1316352K, used 39415K [0x000000076ab00000, 0x00000007c0000000, 0x00000007c0000000)
  eden space 1275904K, 0% used [0x000000076ab00000,0x000000076ab00000,0x00000007b8900000)
  from space 40448K, 97% used [0x00000007bd880000,0x00000007bfefdd38,0x00000007c0000000)
  to   space 60928K, 0% used [0x00000007b8900000,0x00000007b8900000,0x00000007bc480000)
 ParOldGen       total 396288K, used 290988K [0x00000006c0000000, 0x00000006d8300000, 0x000000076ab00000)
  object space 396288K, 73% used [0x00000006c0000000,0x00000006d1c2b268,0x00000006d8300000)
 Metaspace       used 84374K, capacity 94894K, committed 94936K, reserved 1128448K
  class space    used 12470K, capacity 15191K, committed 15232K, reserved 1048576K
Event: 53.699 GC heap after
Heap after GC invocations=76 (full 4):
 PSYoungGen      total 1316352K, used 0K [0x000000076ab00000, 0x00000007c0000000, 0x00000007c0000000)
  eden space 1275904K, 0% used [0x000000076ab00000,0x000000076ab00000,0x00000007b8900000)
  from space 40448K, 0% used [0x00000007bd880000,0x00000007bd880000,0x00000007c0000000)
  to   space 60928K, 0% used [0x00000007b8900000,0x00000007b8900000,0x00000007bc480000)
 ParOldGen       total 542208K, used 324184K [0x00000006c0000000, 0x00000006e1180000, 0x000000076ab00000)
  object space 542208K, 59% used [0x00000006c0000000,0x00000006d3c962a0,0x00000006e1180000)
 Metaspace       used 84362K, capacity 94870K, committed 94936K, reserved 1128448K
  class space    used 12466K, capacity 15183K, committed 15232K, reserved 1048576K
}
Event: 56.327 GC heap before
{Heap before GC invocations=77 (full 4):
 PSYoungGen      total 1316352K, used 1275904K [0x000000076ab00000, 0x00000007c0000000, 0x00000007c0000000)
  eden space 1275904K, 100% used [0x000000076ab00000,0x00000007b8900000,0x00000007b8900000)
  from space 40448K, 0% used [0x00000007bd880000,0x00000007bd880000,0x00000007c0000000)
  to   space 60928K, 0% used [0x00000007b8900000,0x00000007b8900000,0x00000007bc480000)
 ParOldGen       total 542208K, used 324184K [0x00000006c0000000, 0x00000006e1180000, 0x000000076ab00000)
  object space 542208K, 59% used [0x00000006c0000000,0x00000006d3c962a0,0x00000006e1180000)
 Metaspace       used 85163K, capacity 95996K, committed 96256K, reserved 1130496K
  class space    used 12595K, capacity 15330K, committed 15360K, reserved 1048576K
Event: 56.336 GC heap after
Heap after GC invocations=77 (full 4):
 PSYoungGen      total 1336832K, used 12706K [0x000000076ab00000, 0x00000007c0000000, 0x00000007c0000000)
  eden space 1275904K, 0% used [0x000000076ab00000,0x000000076ab00000,0x00000007b8900000)
  from space 60928K, 20% used [0x00000007b8900000,0x00000007b9568990,0x00000007bc480000)
  to   space 60416K, 0% used [0x00000007bc500000,0x00000007bc500000,0x00000007c0000000)
 ParOldGen       total 542208K, used 324192K [0x00000006c0000000, 0x00000006e1180000, 0x000000076ab00000)
  object space 542208K, 59% used [0x00000006c0000000,0x00000006d3c982a0,0x00000006e1180000)
 Metaspace       used 85163K, capacity 95996K, committed 96256K, reserved 1130496K
  class space    used 12595K, capacity 15330K, committed 15360K, reserved 1048576K
}
Event: 60.693 GC heap before
{Heap before GC invocations=78 (full 4):
 PSYoungGen      total 1336832K, used 1288610K [0x000000076ab00000, 0x00000007c0000000, 0x00000007c0000000)
  eden space 1275904K, 100% used [0x000000076ab00000,0x00000007b8900000,0x00000007b8900000)
  from space 60928K, 20% used [0x00000007b8900000,0x00000007b9568990,0x00000007bc480000)
  to   space 60416K, 0% used [0x00000007bc500000,0x00000007bc500000,0x00000007c0000000)
 ParOldGen       total 542208K, used 324192K [0x00000006c0000000, 0x00000006e1180000, 0x000000076ab00000)
  object space 542208K, 59% used [0x00000006c0000000,0x00000006d3c982a0,0x00000006e1180000)
 Metaspace       used 94196K, capacity 106622K, committed 106752K, reserved 1138688K
  class space    used 13848K, capacity 16872K, committed 16896K, reserved 1048576K
Event: 60.712 GC heap after
Heap after GC invocations=78 (full 4):
 PSYoungGen      total 1327104K, used 49929K [0x000000076ab00000, 0x00000007c0000000, 0x00000007c0000000)
  eden space 1266688K, 0% used [0x000000076ab00000,0x000000076ab00000,0x00000007b8000000)
  from space 60416K, 82% used [0x00000007bc500000,0x00000007bf5c2538,0x00000007c0000000)
  to   space 65536K, 0% used [0x00000007b8000000,0x00000007b8000000,0x00000007bc000000)
 ParOldGen       total 542208K, used 324200K [0x00000006c0000000, 0x00000006e1180000, 0x000000076ab00000)
  object space 542208K, 59% used [0x00000006c0000000,0x00000006d3c9a2a0,0x00000006e1180000)
 Metaspace       used 94196K, capacity 106622K, committed 106752K, reserved 1138688K
  class space    used 13848K, capacity 16872K, committed 16896K, reserved 1048576K
}
Event: 92.812 GC heap before
{Heap before GC invocations=79 (full 4):
 PSYoungGen      total 1327104K, used 1316617K [0x000000076ab00000, 0x00000007c0000000, 0x00000007c0000000)
  eden space 1266688K, 100% used [0x000000076ab00000,0x00000007b8000000,0x00000007b8000000)
  from space 60416K, 82% used [0x00000007bc500000,0x00000007bf5c2538,0x00000007c0000000)
  to   space 65536K, 0% used [0x00000007b8000000,0x00000007b8000000,0x00000007bc000000)
 ParOldGen       total 542208K, used 324200K [0x00000006c0000000, 0x00000006e1180000, 0x000000076ab00000)
  object space 542208K, 59% used [0x00000006c0000000,0x00000006d3c9a2a0,0x00000006e1180000)
 Metaspace       used 96892K, capacity 109968K, committed 110080K, reserved 1142784K
  class space    used 14043K, capacity 17125K, committed 17152K, reserved 1048576K
Event: 92.855 GC heap after
Heap after GC invocations=79 (full 4):
 PSYoungGen      total 1320448K, used 53739K [0x000000076ab00000, 0x00000007c0000000, 0x00000007c0000000)
  eden space 1266688K, 0% used [0x000000076ab00000,0x000000076ab00000,0x00000007b8000000)
  from space 53760K, 99% used [0x00000007b8000000,0x00000007bb47ae80,0x00000007bb480000)
  to   space 71168K, 0% used [0x00000007bba80000,0x00000007bba80000,0x00000007c0000000)
 ParOldGen       total 542208K, used 324208K [0x00000006c0000000, 0x00000006e1180000, 0x000000076ab00000)
  object space 542208K, 59% used [0x00000006c0000000,0x00000006d3c9c2a0,0x00000006e1180000)
 Metaspace       used 96892K, capacity 109968K, committed 110080K, reserved 1142784K
  class space    used 14043K, capacity 17125K, committed 17152K, reserved 1048576K
}
Event: 100.208 GC heap before
{Heap before GC invocations=80 (full 4):
 PSYoungGen      total 1320448K, used 1320427K [0x000000076ab00000, 0x00000007c0000000, 0x00000007c0000000)
  eden space 1266688K, 100% used [0x000000076ab00000,0x00000007b8000000,0x00000007b8000000)
  from space 53760K, 99% used [0x00000007b8000000,0x00000007bb47ae80,0x00000007bb480000)
  to   space 71168K, 0% used [0x00000007bba80000,0x00000007bba80000,0x00000007c0000000)
 ParOldGen       total 542208K, used 324208K [0x00000006c0000000, 0x00000006e1180000, 0x000000076ab00000)
  object space 542208K, 59% used [0x00000006c0000000,0x00000006d3c9c2a0,0x00000006e1180000)
 Metaspace       used 96977K, capacity 110104K, committed 110464K, reserved 1142784K
  class space    used 14045K, capacity 17159K, committed 17280K, reserved 1048576K
Event: 100.252 GC heap after
Heap after GC invocations=80 (full 4):
 PSYoungGen      total 1317376K, used 53988K [0x000000076ab00000, 0x00000007c0000000, 0x00000007c0000000)
  eden space 1246208K, 0% used [0x000000076ab00000,0x000000076ab00000,0x00000007b6c00000)
  from space 71168K, 75% used [0x00000007bba80000,0x00000007bef39358,0x00000007c0000000)
  to   space 75776K, 0% used [0x00000007b6c00000,0x00000007b6c00000,0x00000007bb600000)
 ParOldGen       total 542208K, used 324216K [0x00000006c0000000, 0x00000006e1180000, 0x000000076ab00000)
  object space 542208K, 59% used [0x00000006c0000000,0x00000006d3c9e2a0,0x00000006e1180000)
 Metaspace       used 96977K, capacity 110104K, committed 110464K, reserved 1142784K
  class space    used 14045K, capacity 17159K, committed 17280K, reserved 1048576K
}

